\BOOKMARK [0][-]{chapter*.7}{\376\377\176\352\212\000}{}% 1
\BOOKMARK [0][-]{chapter.1}{\376\377\117\177\165\050\116\313\176\315}{}% 2
\BOOKMARK [1][-]{section.1.1}{\376\377\221\315\211\201\145\207\116\366}{chapter.1}% 3
\BOOKMARK [1][-]{section.1.2}{\376\377\174\373\176\337\211\201\154\102}{chapter.1}% 4
\BOOKMARK [1][-]{section.1.3}{\376\377\177\026\213\321\145\271\137\017}{chapter.1}% 5
\BOOKMARK [0][-]{chapter.2}{\376\377\000c\000u\000m\000t\000b\000\040\145\207\150\143\174\173\143\320\117\233\166\204\122\237\200\375}{}% 6
\BOOKMARK [1][-]{section.2.1}{\376\377\145\207\150\143\174\173\220\011\230\171}{chapter.2}% 7
\BOOKMARK [1][-]{section.2.2}{\376\377\000c\000u\000m\000t\000b\000\040\145\207\150\143\174\173\133\232\116\111\166\204\124\175\116\344}{chapter.2}% 8
\BOOKMARK [2][-]{subsection.2.2.1}{\376\377\165\050\116\216\213\276\133\232\145\207\150\143\117\341\140\157\166\204\124\175\116\344}{section.2.2}% 9
\BOOKMARK [2][-]{subsection.2.2.2}{\376\377\040\034\000n\000a\000m\000e\040\035\174\173\124\175\116\344}{section.2.2}% 10
\BOOKMARK [2][-]{subsection.2.2.3}{\376\377\121\166\133\203\124\175\116\344}{section.2.2}% 11
\BOOKMARK [2][-]{subsection.2.2.4}{\376\377\116\316\121\166\133\203\145\207\150\143\174\173\124\214\133\217\123\005\176\347\142\177\166\204\124\175\116\344}{section.2.2}% 12
\BOOKMARK [1][-]{section.2.3}{\376\377\000c\000u\000m\000t\000b\000\040\145\207\150\143\174\173\133\232\116\111\166\204\163\257\130\203}{chapter.2}% 13
\BOOKMARK [0][-]{chapter.3}{\376\377\225\356\230\230\123\312\121\166\211\343\121\263}{}% 14
\BOOKMARK [1][-]{section.3.1}{\376\377\000F\000A\000Q}{chapter.3}% 15
\BOOKMARK [1][-]{section.3.2}{\376\377\123\357\200\375\133\130\127\050\166\204\225\356\230\230}{chapter.3}% 16
\BOOKMARK [1][-]{section.3.3}{\376\377\123\315\231\210\141\017\211\301\124\214\136\372\213\256}{chapter.3}% 17
\BOOKMARK [0][-]{chapter.4}{\376\377\156\220\116\343\170\001\213\364\146\016}{}% 18
\BOOKMARK [0][-]{chapter*.9}{\376\377\176\323\213\272}{}% 19
\BOOKMARK [0][-]{section*.10}{\376\377\123\302\200\003\145\207\163\056}{}% 20
\BOOKMARK [0][-]{appendix.A}{\376\377\146\364\145\260\213\260\137\125}{}% 21
\BOOKMARK [0][-]{appendix*.12}{\376\377\201\364\214\042}{}% 22
